2020-03-22 09:10:42,956 INFO 95488 [Timer] /Users/yao37/projects/practices/graduation-project/egg_system/node_modules/egg-multipart/app/schedule/clean_tmpdir.js next time will execute after 69557049ms at 2020-03-23 04:30:00.005
2020-03-22 09:10:42,951 INFO 28959 [Job#15848394429506455909879150144] /Users/yao37/projects/practices/graduation-project/egg_system/node_modules/egg-multipart/app/schedule/clean_tmpdir.js executing by app
2020-03-22 09:10:42,976 INFO 28959 [Job#15848394429506455909879150144] /Users/yao37/projects/practices/graduation-project/egg_system/node_modules/egg-multipart/app/schedule/clean_tmpdir.js execute succeed, used 25ms
2020-03-22 11:48:44,520 INFO 37962 [egg-schedule]: register schedule /Users/yao37/projects/practices/graduation-project/egg_system/node_modules/egg-multipart/app/schedule/clean_tmpdir.js
2020-03-22 11:48:44,520 INFO 37962 [egg-schedule]: register schedule /Users/yao37/projects/practices/graduation-project/egg_system/node_modules/egg-logrotator/app/schedule/clean_log.js
2020-03-22 11:48:44,520 INFO 37962 [egg-schedule]: register schedule /Users/yao37/projects/practices/graduation-project/egg_system/node_modules/egg-logrotator/app/schedule/rotate_by_file.js
2020-03-22 11:51:07,871 INFO 38015 [egg-schedule]: register schedule /Users/yao37/projects/practices/graduation-project/egg_system/node_modules/egg-multipart/app/schedule/clean_tmpdir.js
2020-03-22 11:51:07,871 INFO 38015 [egg-schedule]: register schedule /Users/yao37/projects/practices/graduation-project/egg_system/node_modules/egg-logrotator/app/schedule/clean_log.js
2020-03-22 11:51:07,871 INFO 38015 [egg-schedule]: register schedule /Users/yao37/projects/practices/graduation-project/egg_system/node_modules/egg-logrotator/app/schedule/rotate_by_file.js
2020-03-22 11:56:57,339 INFO 38138 [egg-schedule]: register schedule /Users/yao37/projects/practices/graduation-project/egg_system/node_modules/egg-multipart/app/schedule/clean_tmpdir.js
2020-03-22 11:56:57,339 INFO 38138 [egg-schedule]: register schedule /Users/yao37/projects/practices/graduation-project/egg_system/node_modules/egg-logrotator/app/schedule/clean_log.js
2020-03-22 11:56:57,339 INFO 38138 [egg-schedule]: register schedule /Users/yao37/projects/practices/graduation-project/egg_system/node_modules/egg-logrotator/app/schedule/rotate_by_file.js
2020-03-22 11:58:04,111 INFO 38160 [egg-schedule]: register schedule /Users/yao37/projects/practices/graduation-project/egg_system/node_modules/egg-multipart/app/schedule/clean_tmpdir.js
2020-03-22 11:58:04,111 INFO 38160 [egg-schedule]: register schedule /Users/yao37/projects/practices/graduation-project/egg_system/node_modules/egg-logrotator/app/schedule/clean_log.js
2020-03-22 11:58:04,111 INFO 38160 [egg-schedule]: register schedule /Users/yao37/projects/practices/graduation-project/egg_system/node_modules/egg-logrotator/app/schedule/rotate_by_file.js
2020-03-22 12:07:49,367 INFO 38298 [egg-schedule]: register schedule /Users/yao37/projects/practices/graduation-project/egg_system/node_modules/egg-multipart/app/schedule/clean_tmpdir.js
2020-03-22 12:07:49,367 INFO 38298 [egg-schedule]: register schedule /Users/yao37/projects/practices/graduation-project/egg_system/node_modules/egg-logrotator/app/schedule/clean_log.js
2020-03-22 12:07:49,367 INFO 38298 [egg-schedule]: register schedule /Users/yao37/projects/practices/graduation-project/egg_system/node_modules/egg-logrotator/app/schedule/rotate_by_file.js
2020-03-22 12:10:01,960 INFO 38343 [egg-schedule]: register schedule /Users/yao37/projects/practices/graduation-project/egg_system/node_modules/egg-multipart/app/schedule/clean_tmpdir.js
2020-03-22 12:10:01,960 INFO 38343 [egg-schedule]: register schedule /Users/yao37/projects/practices/graduation-project/egg_system/node_modules/egg-logrotator/app/schedule/clean_log.js
2020-03-22 12:10:01,960 INFO 38343 [egg-schedule]: register schedule /Users/yao37/projects/practices/graduation-project/egg_system/node_modules/egg-logrotator/app/schedule/rotate_by_file.js
2020-03-22 12:11:27,330 INFO 38392 [egg-schedule]: register schedule /Users/yao37/projects/practices/graduation-project/egg_system/node_modules/egg-multipart/app/schedule/clean_tmpdir.js
2020-03-22 12:11:27,330 INFO 38392 [egg-schedule]: register schedule /Users/yao37/projects/practices/graduation-project/egg_system/node_modules/egg-logrotator/app/schedule/clean_log.js
2020-03-22 12:11:27,330 INFO 38392 [egg-schedule]: register schedule /Users/yao37/projects/practices/graduation-project/egg_system/node_modules/egg-logrotator/app/schedule/rotate_by_file.js
2020-03-22 12:13:47,888 INFO 38433 [egg-schedule]: register schedule /Users/yao37/projects/practices/graduation-project/egg_system/node_modules/egg-multipart/app/schedule/clean_tmpdir.js
2020-03-22 12:13:47,888 INFO 38433 [egg-schedule]: register schedule /Users/yao37/projects/practices/graduation-project/egg_system/node_modules/egg-logrotator/app/schedule/clean_log.js
2020-03-22 12:13:47,888 INFO 38433 [egg-schedule]: register schedule /Users/yao37/projects/practices/graduation-project/egg_system/node_modules/egg-logrotator/app/schedule/rotate_by_file.js
2020-03-22 14:01:21,960 INFO 39723 [egg-schedule]: register schedule /Users/yao37/projects/practices/graduation-project/egg_system/node_modules/egg-multipart/app/schedule/clean_tmpdir.js
2020-03-22 14:01:21,960 INFO 39723 [egg-schedule]: register schedule /Users/yao37/projects/practices/graduation-project/egg_system/node_modules/egg-logrotator/app/schedule/clean_log.js
2020-03-22 14:01:21,960 INFO 39723 [egg-schedule]: register schedule /Users/yao37/projects/practices/graduation-project/egg_system/node_modules/egg-logrotator/app/schedule/rotate_by_file.js
2020-03-22 14:01:42,832 INFO 39765 [egg-schedule]: register schedule /Users/yao37/projects/practices/graduation-project/egg_system/node_modules/egg-multipart/app/schedule/clean_tmpdir.js
2020-03-22 14:01:42,832 INFO 39765 [egg-schedule]: register schedule /Users/yao37/projects/practices/graduation-project/egg_system/node_modules/egg-logrotator/app/schedule/clean_log.js
2020-03-22 14:01:42,832 INFO 39765 [egg-schedule]: register schedule /Users/yao37/projects/practices/graduation-project/egg_system/node_modules/egg-logrotator/app/schedule/rotate_by_file.js
2020-03-22 14:05:25,402 INFO 39838 [egg-schedule]: register schedule /Users/yao37/projects/practices/graduation-project/egg_system/node_modules/egg-multipart/app/schedule/clean_tmpdir.js
2020-03-22 14:05:25,402 INFO 39838 [egg-schedule]: register schedule /Users/yao37/projects/practices/graduation-project/egg_system/node_modules/egg-logrotator/app/schedule/clean_log.js
2020-03-22 14:05:25,402 INFO 39838 [egg-schedule]: register schedule /Users/yao37/projects/practices/graduation-project/egg_system/node_modules/egg-logrotator/app/schedule/rotate_by_file.js
2020-03-22 14:07:27,431 INFO 39878 [egg-schedule]: register schedule /Users/yao37/projects/practices/graduation-project/egg_system/node_modules/egg-multipart/app/schedule/clean_tmpdir.js
2020-03-22 14:07:27,431 INFO 39878 [egg-schedule]: register schedule /Users/yao37/projects/practices/graduation-project/egg_system/node_modules/egg-logrotator/app/schedule/clean_log.js
2020-03-22 14:07:27,431 INFO 39878 [egg-schedule]: register schedule /Users/yao37/projects/practices/graduation-project/egg_system/node_modules/egg-logrotator/app/schedule/rotate_by_file.js
2020-03-22 14:07:35,802 INFO 39890 [egg-schedule]: register schedule /Users/yao37/projects/practices/graduation-project/egg_system/node_modules/egg-multipart/app/schedule/clean_tmpdir.js
2020-03-22 14:07:35,802 INFO 39890 [egg-schedule]: register schedule /Users/yao37/projects/practices/graduation-project/egg_system/node_modules/egg-logrotator/app/schedule/clean_log.js
2020-03-22 14:07:35,802 INFO 39890 [egg-schedule]: register schedule /Users/yao37/projects/practices/graduation-project/egg_system/node_modules/egg-logrotator/app/schedule/rotate_by_file.js
2020-03-22 14:08:13,366 INFO 39921 [egg-schedule]: register schedule /Users/yao37/projects/practices/graduation-project/egg_system/node_modules/egg-multipart/app/schedule/clean_tmpdir.js
2020-03-22 14:08:13,366 INFO 39921 [egg-schedule]: register schedule /Users/yao37/projects/practices/graduation-project/egg_system/node_modules/egg-logrotator/app/schedule/clean_log.js
2020-03-22 14:08:13,366 INFO 39921 [egg-schedule]: register schedule /Users/yao37/projects/practices/graduation-project/egg_system/node_modules/egg-logrotator/app/schedule/rotate_by_file.js
2020-03-22 14:09:15,286 INFO 39956 [egg-schedule]: register schedule /Users/yao37/projects/practices/graduation-project/egg_system/node_modules/egg-multipart/app/schedule/clean_tmpdir.js
2020-03-22 14:09:15,286 INFO 39956 [egg-schedule]: register schedule /Users/yao37/projects/practices/graduation-project/egg_system/node_modules/egg-logrotator/app/schedule/clean_log.js
2020-03-22 14:09:15,286 INFO 39956 [egg-schedule]: register schedule /Users/yao37/projects/practices/graduation-project/egg_system/node_modules/egg-logrotator/app/schedule/rotate_by_file.js
2020-03-22 14:09:27,317 INFO 39976 [egg-schedule]: register schedule /Users/yao37/projects/practices/graduation-project/egg_system/node_modules/egg-multipart/app/schedule/clean_tmpdir.js
2020-03-22 14:09:27,317 INFO 39976 [egg-schedule]: register schedule /Users/yao37/projects/practices/graduation-project/egg_system/node_modules/egg-logrotator/app/schedule/clean_log.js
2020-03-22 14:09:27,317 INFO 39976 [egg-schedule]: register schedule /Users/yao37/projects/practices/graduation-project/egg_system/node_modules/egg-logrotator/app/schedule/rotate_by_file.js
2020-03-22 15:54:52,188 INFO 41698 [egg-schedule]: register schedule /Users/yao37/projects/practices/graduation-project/egg_system/node_modules/egg-multipart/app/schedule/clean_tmpdir.js
2020-03-22 15:54:52,188 INFO 41698 [egg-schedule]: register schedule /Users/yao37/projects/practices/graduation-project/egg_system/node_modules/egg-logrotator/app/schedule/clean_log.js
2020-03-22 15:54:52,188 INFO 41698 [egg-schedule]: register schedule /Users/yao37/projects/practices/graduation-project/egg_system/node_modules/egg-logrotator/app/schedule/rotate_by_file.js
2020-03-22 15:55:14,372 INFO 41727 [egg-schedule]: register schedule /Users/yao37/projects/practices/graduation-project/egg_system/node_modules/egg-multipart/app/schedule/clean_tmpdir.js
2020-03-22 15:55:14,372 INFO 41727 [egg-schedule]: register schedule /Users/yao37/projects/practices/graduation-project/egg_system/node_modules/egg-logrotator/app/schedule/clean_log.js
2020-03-22 15:55:14,372 INFO 41727 [egg-schedule]: register schedule /Users/yao37/projects/practices/graduation-project/egg_system/node_modules/egg-logrotator/app/schedule/rotate_by_file.js
2020-03-22 16:05:19,768 INFO 41868 [egg-schedule]: register schedule /Users/yao37/projects/practices/graduation-project/egg_system/node_modules/egg-multipart/app/schedule/clean_tmpdir.js
2020-03-22 16:05:19,768 INFO 41868 [egg-schedule]: register schedule /Users/yao37/projects/practices/graduation-project/egg_system/node_modules/egg-logrotator/app/schedule/clean_log.js
2020-03-22 16:05:19,768 INFO 41868 [egg-schedule]: register schedule /Users/yao37/projects/practices/graduation-project/egg_system/node_modules/egg-logrotator/app/schedule/rotate_by_file.js
2020-03-22 16:05:58,101 INFO 41888 [egg-schedule]: register schedule /Users/yao37/projects/practices/graduation-project/egg_system/node_modules/egg-multipart/app/schedule/clean_tmpdir.js
2020-03-22 16:05:58,101 INFO 41888 [egg-schedule]: register schedule /Users/yao37/projects/practices/graduation-project/egg_system/node_modules/egg-logrotator/app/schedule/clean_log.js
2020-03-22 16:05:58,102 INFO 41888 [egg-schedule]: register schedule /Users/yao37/projects/practices/graduation-project/egg_system/node_modules/egg-logrotator/app/schedule/rotate_by_file.js
2020-03-22 16:07:35,229 INFO 41918 [egg-schedule]: register schedule /Users/yao37/projects/practices/graduation-project/egg_system/node_modules/egg-multipart/app/schedule/clean_tmpdir.js
2020-03-22 16:07:35,229 INFO 41918 [egg-schedule]: register schedule /Users/yao37/projects/practices/graduation-project/egg_system/node_modules/egg-logrotator/app/schedule/clean_log.js
2020-03-22 16:07:35,229 INFO 41918 [egg-schedule]: register schedule /Users/yao37/projects/practices/graduation-project/egg_system/node_modules/egg-logrotator/app/schedule/rotate_by_file.js
2020-03-22 16:17:09,270 INFO 42123 [egg-schedule]: register schedule /Users/yao37/projects/practices/graduation-project/egg_system/node_modules/egg-multipart/app/schedule/clean_tmpdir.js
2020-03-22 16:17:09,270 INFO 42123 [egg-schedule]: register schedule /Users/yao37/projects/practices/graduation-project/egg_system/node_modules/egg-logrotator/app/schedule/clean_log.js
2020-03-22 16:17:09,270 INFO 42123 [egg-schedule]: register schedule /Users/yao37/projects/practices/graduation-project/egg_system/node_modules/egg-logrotator/app/schedule/rotate_by_file.js
